Using pre-set license
Built from '2020.3/staging' branch; Version is '2020.3.33f1 (915a7af8b0d5) revision 9525882'; Using compiler version '192528614'; Build Type 'Release'
OS: 'Windows 10  (10.0.19045) 64bit Education' Language: 'ru' Physical Memory: 16268 MB
BatchMode: 1, IsHumanControllingUs: 0, StartBugReporterOnCrash: 0, Is64bit: 1, IsPro: 0

COMMAND LINE ARGUMENTS:
C:\Program Files\Unity\Hub\Editor\2020.3.33f1\Editor\Unity.exe
-adb2
-batchMode
-noUpm
-name
AssetImportWorker0
-projectPath
E:/spacepuzzlegame
-logFile
Logs/AssetImportWorker0.log
-srvPort
51942
Successfully changed project path to: E:/spacepuzzlegame
E:/spacepuzzlegame
Using Asset Import Pipeline V2.
Refreshing native plugins compatible for Editor in 41.98 ms, found 3 plugins.
Preloading 0 native plugins for Editor in 0.00 ms.
Initialize engine version: 2020.3.33f1 (915a7af8b0d5)
[Subsystems] Discovering subsystems at path C:/Program Files/Unity/Hub/Editor/2020.3.33f1/Editor/Data/Resources/UnitySubsystems
[Subsystems] Discovering subsystems at path E:/spacepuzzlegame/Assets
GfxDevice: creating device client; threaded=0
Direct3D:
    Version:  Direct3D 11.0 [level 11.1]
    Renderer: NVIDIA GeForce GTX 1650 (ID=0x2188)
    Vendor:   
    VRAM:     3949 MB
    Driver:   31.0.15.3699
Initialize mono
Mono path[0] = 'C:/Program Files/Unity/Hub/Editor/2020.3.33f1/Editor/Data/Managed'
Mono path[1] = 'C:/Program Files/Unity/Hub/Editor/2020.3.33f1/Editor/Data/MonoBleedingEdge/lib/mono/unityjit'
Mono config path = 'C:/Program Files/Unity/Hub/Editor/2020.3.33f1/Editor/Data/MonoBleedingEdge/etc'
Using monoOptions --debugger-agent=transport=dt_socket,embedding=1,server=y,suspend=n,address=127.0.0.1:56932
Begin MonoManager ReloadAssembly
Registering precompiled unity dll's ...
Register platform support module: C:/Program Files/Unity/Hub/Editor/2020.3.33f1/Editor/Data/PlaybackEngines/WindowsStandaloneSupport/UnityEditor.WindowsStandalone.Extensions.dll
Registered in 0.002242 seconds.
Native extension for WindowsStandalone target not found
Refreshing native plugins compatible for Editor in 42.20 ms, found 3 plugins.
Preloading 0 native plugins for Editor in 0.00 ms.
Mono: successfully reloaded assembly
- Completed reload, in  0.564 seconds
Domain Reload Profiling:
	ReloadAssembly (564ms)
		BeginReloadAssembly (63ms)
			ExecutionOrderSort (0ms)
			DisableScriptedObjects (0ms)
			BackupInstance (0ms)
			ReleaseScriptingObjects (0ms)
			CreateAndSetChildDomain (1ms)
		EndReloadAssembly (431ms)
			LoadAssemblies (61ms)
			RebuildTransferFunctionScriptingTraits (0ms)
			SetupTypeCache (139ms)
			ReleaseScriptCaches (0ms)
			RebuildScriptCaches (32ms)
			SetupLoadedEditorAssemblies (168ms)
				LogAssemblyErrors (0ms)
				InitializePlatformSupportModulesInManaged (5ms)
				SetLoadedEditorAssemblies (0ms)
				RefreshPlugins (42ms)
				BeforeProcessingInitializeOnLoad (12ms)
				ProcessInitializeOnLoadAttributes (82ms)
				ProcessInitializeOnLoadMethodAttributes (26ms)
				AfterProcessingInitializeOnLoad (0ms)
				EditorAssembliesLoaded (0ms)
			ExecutionOrderSort2 (0ms)
			AwakeInstancesAfterBackupRestoration (0ms)
Platform modules already initialized, skipping
Registering precompiled user dll's ...
Registered in 0.001943 seconds.
Begin MonoManager ReloadAssembly
Symbol file LoadedFromMemory doesn't match image E:\spacepuzzlegame\Library\PackageCache\com.unity.collab-proxy@1.15.15\Lib\Editor\PlasticSCM\unityplastic.dll
Native extension for WindowsStandalone target not found
Refreshing native plugins compatible for Editor in 42.13 ms, found 3 plugins.
Preloading 0 native plugins for Editor in 0.00 ms.
Mono: successfully reloaded assembly
- Completed reload, in  1.066 seconds
Domain Reload Profiling:
	ReloadAssembly (1067ms)
		BeginReloadAssembly (151ms)
			ExecutionOrderSort (0ms)
			DisableScriptedObjects (5ms)
			BackupInstance (0ms)
			ReleaseScriptingObjects (0ms)
			CreateAndSetChildDomain (18ms)
		EndReloadAssembly (857ms)
			LoadAssemblies (101ms)
			RebuildTransferFunctionScriptingTraits (0ms)
			SetupTypeCache (266ms)
			ReleaseScriptCaches (0ms)
			RebuildScriptCaches (52ms)
			SetupLoadedEditorAssemblies (344ms)
				LogAssemblyErrors (0ms)
				InitializePlatformSupportModulesInManaged (4ms)
				SetLoadedEditorAssemblies (0ms)
				RefreshPlugins (42ms)
				BeforeProcessingInitializeOnLoad (79ms)
				ProcessInitializeOnLoadAttributes (194ms)
				ProcessInitializeOnLoadMethodAttributes (17ms)
				AfterProcessingInitializeOnLoad (7ms)
				EditorAssembliesLoaded (0ms)
			ExecutionOrderSort2 (0ms)
			AwakeInstancesAfterBackupRestoration (6ms)
Platform modules already initialized, skipping
========================================================================
Worker process is ready to serve import requests
Launched and connected shader compiler UnityShaderCompiler.exe after 0.04 seconds
Refreshing native plugins compatible for Editor in 0.46 ms, found 3 plugins.
Preloading 0 native plugins for Editor in 0.00 ms.
Unloading 2225 Unused Serialized files (Serialized files now loaded: 0)
System memory in use before: 99.6 MB.
System memory in use after: 99.5 MB.

Unloading 31 unused Assets to reduce memory usage. Loaded Objects now: 2658.
Total: 2.879600 ms (FindLiveObjects: 0.190900 ms CreateObjectMapping: 0.087000 ms MarkObjects: 2.463800 ms  DeleteObjects: 0.137300 ms)

AssetImportParameters requested are different than current active one (requested -> active):
  custom:framework-win-MediaFoundation: 216162199b28c13a410421893ffa2e32 -> 
  custom:video-decoder-ogg-theora: a1e56fd34408186e4bbccfd4996cb3dc -> 
  custom:container-muxer-webm: aa71ff27fc2769a1b78a27578f13a17b -> 
  custom:container-demuxer-webm: 4f35f7cbe854078d1ac9338744f61a02 -> 
  custom:container-demuxer-ogg: 62fdf1f143b41e24485cea50d1cbac27 -> 
  custom:video-encoder-webm-vp8: eb34c28f22e8b96e1ab97ce403110664 -> 
  custom:video-decoder-webm-vp8: 9c59270c3fd7afecdb556c50c9e8de78 -> 
  custom:audio-decoder-ogg-vorbis: bf7c407c2cedff20999df2af8eb42d56 -> 
  custom:audio-encoder-webm-vorbis: bf7c407c2cedff20999df2af8eb42d56 -> 
========================================================================
Received Import Request.
  path: Assets/Scenes/Main.unity
  artifactKey: Guid(1206cb6b2564d24439ff394d29b13dba) Importer(815301076,1909f56bfc062723c751e8b465ee728b)
Start importing Assets/Scenes/Main.unity using Guid(1206cb6b2564d24439ff394d29b13dba) Importer(815301076,1909f56bfc062723c751e8b465ee728b)  -> (artifact id: '226ab05a555e18aa1fa8fb1be8a0f157') in 0.008711 seconds 
========================================================================
Received Import Request.
  Time since last request: 0.000212 seconds.
  path: Assets/Scenes/PortalScene.unity
  artifactKey: Guid(33f2d9de09163064dbb65be8af239165) Importer(815301076,1909f56bfc062723c751e8b465ee728b)
Start importing Assets/Scenes/PortalScene.unity using Guid(33f2d9de09163064dbb65be8af239165) Importer(815301076,1909f56bfc062723c751e8b465ee728b)  -> (artifact id: '8638df0e08f6db2f77dc22b12cb579bf') in 0.006922 seconds 
========================================================================
Received Import Request.
  Time since last request: 0.000142 seconds.
  path: Assets/Scenes/SampleScene.unity
  artifactKey: Guid(2cda990e2423bbf4892e6590ba056729) Importer(815301076,1909f56bfc062723c751e8b465ee728b)
Start importing Assets/Scenes/SampleScene.unity using Guid(2cda990e2423bbf4892e6590ba056729) Importer(815301076,1909f56bfc062723c751e8b465ee728b)  -> (artifact id: '10f17ab08eee7a591d34207a88972dc9') in 0.007228 seconds 
========================================================================
Received Import Request.
  Time since last request: 0.957868 seconds.
  path: Assets/Scenes/Проект Я ничего не успела/New Scene.unity
  artifactKey: Guid(1b53efa181df9074896293bb7403b8b3) Importer(815301076,1909f56bfc062723c751e8b465ee728b)
Start importing Assets/Scenes/Проект Я ничего не успела/New Scene.unity using Guid(1b53efa181df9074896293bb7403b8b3) Importer(815301076,1909f56bfc062723c751e8b465ee728b)  -> (artifact id: 'a9e67193cf9922251bf37ccc4373d0c7') in 0.006762 seconds 
========================================================================
Received Import Request.
  Time since last request: 3.679856 seconds.
  path: Assets/Scenes/Проект Я ничего не успела/Hub.unity
  artifactKey: Guid(61b53374f2e10d140a3afc3df30d7688) Importer(815301076,1909f56bfc062723c751e8b465ee728b)
Start importing Assets/Scenes/Проект Я ничего не успела/Hub.unity using Guid(61b53374f2e10d140a3afc3df30d7688) Importer(815301076,1909f56bfc062723c751e8b465ee728b)  -> (artifact id: '58a5302bb0be1e33962ea16dc5a5aad0') in 0.007831 seconds 
========================================================================
Received Import Request.
  Time since last request: 33.931269 seconds.
  path: Assets/TextMesh Pro
  artifactKey: Guid(f54d1bd14bd3ca042bd867b519fee8cc) Importer(815301076,1909f56bfc062723c751e8b465ee728b)
Start importing Assets/TextMesh Pro using Guid(f54d1bd14bd3ca042bd867b519fee8cc) Importer(815301076,1909f56bfc062723c751e8b465ee728b)  -> (artifact id: '16b4cbde9565bf190136f1148817e1ea') in 0.006652 seconds 
========================================================================
Received Import Request.
  Time since last request: 0.403903 seconds.
  path: Assets/ExitScript.cs
  artifactKey: Guid(a6c670e52c36b9a40b512dbd862b47d3) Importer(815301076,1909f56bfc062723c751e8b465ee728b)
Start importing Assets/ExitScript.cs using Guid(a6c670e52c36b9a40b512dbd862b47d3) Importer(815301076,1909f56bfc062723c751e8b465ee728b)  -> (artifact id: '90120cd526086b6ec4d12944e65f32d6') in 0.034367 seconds 
========================================================================
Received Import Request.
  Time since last request: 0.338642 seconds.
  path: Assets/GameController.cs
  artifactKey: Guid(f375b3f82be1c394f9767de230241313) Importer(815301076,1909f56bfc062723c751e8b465ee728b)
Start importing Assets/GameController.cs using Guid(f375b3f82be1c394f9767de230241313) Importer(815301076,1909f56bfc062723c751e8b465ee728b)  -> (artifact id: '676ecd9c5fe4dd3f2b7f79c7b0a76b36') in 0.007257 seconds 
========================================================================
Received Import Request.
  Time since last request: 0.267335 seconds.
  path: Assets/Main.unity
  artifactKey: Guid(76ae5b7e440fa6948b03a7b2e2c51a25) Importer(815301076,1909f56bfc062723c751e8b465ee728b)
Start importing Assets/Main.unity using Guid(76ae5b7e440fa6948b03a7b2e2c51a25) Importer(815301076,1909f56bfc062723c751e8b465ee728b)  -> (artifact id: '40ca6c9e99e594f8da70172e87e2cd44') in 0.001542 seconds 
========================================================================
Received Import Request.
  Time since last request: 24.216070 seconds.
  path: Assets/Scenes/Провода
  artifactKey: Guid(c5bdd6d65eb39c64aa21a1baa311e6c3) Importer(815301076,1909f56bfc062723c751e8b465ee728b)
Start importing Assets/Scenes/Провода using Guid(c5bdd6d65eb39c64aa21a1baa311e6c3) Importer(815301076,1909f56bfc062723c751e8b465ee728b)  -> (artifact id: '50fa308ca5144b78436e895b8db50485') in 0.006911 seconds 
AssetImportWorkerClient::OnTransportError - code=2 error=End of file
